[INFO] Scanning for projects...
[INFO] 
[INFO] ---------------------< com.equitycommittee:voting >---------------------
[INFO] Building equity-committee-voting 0.0.1-SNAPSHOT
[INFO]   from pom.xml
[INFO] --------------------------------[ jar ]---------------------------------
[INFO] 
[INFO] >>> spring-boot:4.0.5:run (default-cli) > test-compile @ voting >>>
[INFO] 
[INFO] --- resources:3.3.1:resources (default-resources) @ voting ---
[INFO] Copying 2 resources from src\main\resources to target\classes
[INFO] Copying 2 resources from src\main\resources to target\classes
[INFO] 
[INFO] --- compiler:3.14.1:compile (default-compile) @ voting ---
[INFO] Nothing to compile - all classes are up to date.
[INFO] 
[INFO] --- resources:3.3.1:testResources (default-testResources) @ voting ---
[INFO] skip non existing resourceDirectory C:\projects\equity-committee-voting\backend\src\test\resources
[INFO] 
[INFO] --- compiler:3.14.1:testCompile (default-testCompile) @ voting ---
[INFO] No sources to compile
[INFO] 
[INFO] <<< spring-boot:4.0.5:run (default-cli) < test-compile @ voting <<<
[INFO] 
[INFO] 
[INFO] --- spring-boot:4.0.5:run (default-cli) @ voting ---
[INFO] Attaching agents: []

  .   ____          _            __ _ _
 /\\ / ___'_ __ _ _(_)_ __  __ _ \ \ \ \
( ( )\___ | '_ | '_| | '_ \/ _` | \ \ \ \
 \\/  ___)| |_)| | | | | || (_| |  ) ) ) )
  '  |____| .__|_| |_|_| |_\__, | / / / /
 =========|_|==============|___/=/_/_/_/

 :: Spring Boot ::                (v4.0.5)

2026-04-27T12:27:58.647+02:00  INFO 18672 --- [           main] c.e.voting.VotingApplication             : Starting VotingApplication using Java 21.0.6 with PID 18672 (C:\projects\equity-committee-voting\backend\target\classes started by kaiza in C:\projects\equity-committee-voting\backend)
2026-04-27T12:27:58.652+02:00 DEBUG 18672 --- [           main] c.e.voting.VotingApplication             : Running with Spring Boot v4.0.5, Spring v7.0.6
2026-04-27T12:27:58.654+02:00  INFO 18672 --- [           main] c.e.voting.VotingApplication             : The following 1 profile is active: "local"
2026-04-27T12:27:59.769+02:00  INFO 18672 --- [           main] .s.d.r.c.RepositoryConfigurationDelegate : Bootstrapping Spring Data JPA repositories in DEFAULT mode.
2026-04-27T12:27:59.880+02:00  INFO 18672 --- [           main] .s.d.r.c.RepositoryConfigurationDelegate : Finished Spring Data repository scanning in 97 ms. Found 8 JPA repository interfaces.
2026-04-27T12:28:00.767+02:00  INFO 18672 --- [           main] o.s.boot.tomcat.TomcatWebServer          : Tomcat initialized with port 8080 (http)
2026-04-27T12:28:00.791+02:00  INFO 18672 --- [           main] o.apache.catalina.core.StandardService   : Starting service [Tomcat]
2026-04-27T12:28:00.791+02:00  INFO 18672 --- [           main] o.apache.catalina.core.StandardEngine    : Starting Servlet engine: [Apache Tomcat/11.0.20]
2026-04-27T12:28:00.884+02:00  INFO 18672 --- [           main] b.w.c.s.WebApplicationContextInitializer : Root WebApplicationContext: initialization completed in 2156 ms
2026-04-27T12:28:01.126+02:00  INFO 18672 --- [           main] org.hibernate.orm.jpa                    : HHH008540: Processing PersistenceUnitInfo [name: default]
2026-04-27T12:28:01.223+02:00  INFO 18672 --- [           main] org.hibernate.orm.core                   : HHH000001: Hibernate ORM core version 7.2.7.Final
2026-04-27T12:28:02.025+02:00  INFO 18672 --- [           main] o.s.o.j.p.SpringPersistenceUnitInfo      : No LoadTimeWeaver setup: ignoring JPA class transformer
2026-04-27T12:28:02.079+02:00  INFO 18672 --- [           main] com.zaxxer.hikari.HikariDataSource       : HikariPool-1 - Starting...
2026-04-27T12:28:02.334+02:00  INFO 18672 --- [           main] com.zaxxer.hikari.pool.HikariPool        : HikariPool-1 - Added connection org.postgresql.jdbc.PgConnection@1124dd79
2026-04-27T12:28:02.337+02:00  INFO 18672 --- [           main] com.zaxxer.hikari.HikariDataSource       : HikariPool-1 - Start completed.
2026-04-27T12:28:02.397+02:00  WARN 18672 --- [           main] org.hibernate.orm.deprecation            : HHH90000025: PostgreSQLDialect does not need to be specified explicitly using 'hibernate.dialect' (remove the property setting and it will be selected by default)
2026-04-27T12:28:02.435+02:00  INFO 18672 --- [           main] org.hibernate.orm.connections.pooling    : HHH10001005: Database info:
	Database JDBC URL [jdbc:postgresql://localhost:5432/postgres]
	Database driver: PostgreSQL JDBC Driver
	Database dialect: PostgreSQLDialect
	Database version: 17.4
	Default catalog/schema: postgres/public
	Autocommit mode: undefined/unknown
	Isolation level: READ_COMMITTED [default READ_COMMITTED]
	JDBC fetch size: none
	Pool: DataSourceConnectionProvider
	Minimum pool size: undefined/unknown
	Maximum pool size: undefined/unknown
2026-04-27T12:28:04.275+02:00  INFO 18672 --- [           main] org.hibernate.orm.core                   : HHH000489: No JTA platform available (set 'hibernate.transaction.jta.platform' to enable JTA platform integration)
2026-04-27T12:28:04.407+02:00  INFO 18672 --- [           main] j.LocalContainerEntityManagerFactoryBean : Initialized JPA EntityManagerFactory for persistence unit 'default'
2026-04-27T12:28:04.507+02:00  INFO 18672 --- [           main] o.s.d.j.r.query.QueryEnhancerFactories   : Hibernate is in classpath; If applicable, HQL parser will be used.
2026-04-27T12:28:04.816+02:00 DEBUG 18672 --- [           main] c.e.voting.security.JwtAuthFilter        : Filter 'jwtAuthFilter' configured for use
2026-04-27T12:28:04.889+02:00  INFO 18672 --- [           main] eAuthenticationProviderManagerConfigurer : Global AuthenticationManager configured with AuthenticationProvider bean with name authenticationProvider
2026-04-27T12:28:04.889+02:00  WARN 18672 --- [           main] r$InitializeUserDetailsManagerConfigurer : Global AuthenticationManager configured with an AuthenticationProvider bean. UserDetailsService beans will not be used by Spring Security for automatically configuring username/password login. Consider removing the AuthenticationProvider bean. Alternatively, consider using the UserDetailsService in a manually instantiated DaoAuthenticationProvider. If the current configuration is intentional, to turn off this warning, increase the logging level of 'org.springframework.security.config.annotation.authentication.configuration.InitializeUserDetailsBeanManagerConfigurer' to ERROR
2026-04-27T12:28:07.244+02:00  WARN 18672 --- [           main] JpaBaseConfiguration$JpaWebConfiguration : spring.jpa.open-in-view is enabled by default. Therefore, database queries may be performed during view rendering. Explicitly configure spring.jpa.open-in-view to disable this warning
2026-04-27T12:28:08.220+02:00  INFO 18672 --- [           main] o.s.m.s.b.SimpleBrokerMessageHandler     : Starting...
2026-04-27T12:28:08.222+02:00  INFO 18672 --- [           main] o.s.m.s.b.SimpleBrokerMessageHandler     : BrokerAvailabilityEvent[available=true, SimpleBrokerMessageHandler [org.springframework.messaging.simp.broker.DefaultSubscriptionRegistry@1af2c5c8]]
2026-04-27T12:28:08.223+02:00  INFO 18672 --- [           main] o.s.m.s.b.SimpleBrokerMessageHandler     : Started.
2026-04-27T12:28:08.259+02:00  INFO 18672 --- [           main] o.s.boot.tomcat.TomcatWebServer          : Tomcat started on port 8080 (http) with context path '/'
2026-04-27T12:28:08.267+02:00  INFO 18672 --- [           main] c.e.voting.VotingApplication             : Started VotingApplication in 10.354 seconds (process running for 11.156)
2026-04-27T12:29:08.229+02:00  INFO 18672 --- [MessageBroker-1] o.s.w.s.c.WebSocketMessageBrokerStats    : WebSocketSession[0 current WS(0)-HttpStream(0)-HttpPoll(0), 0 total, 0 closed abnormally (0 connect failure, 0 send limit, 0 transport error)], stompSubProtocol[processed CONNECT(0)-CONNECTED(0)-DISCONNECT(0)], stompBrokerRelay[null], inboundChannel[pool size = 0, active threads = 0, queued tasks = 0, completed tasks = 0], outboundChannel[pool size = 0, active threads = 0, queued tasks = 0, completed tasks = 0], sockJsScheduler[pool size = 1, active threads = 1, queued tasks = 0, completed tasks = 0]
2026-04-27T12:29:09.003+02:00  INFO 18672 --- [nio-8080-exec-1] o.a.c.c.C.[Tomcat].[localhost].[/]       : Initializing Spring DispatcherServlet 'dispatcherServlet'
2026-04-27T12:29:09.004+02:00  INFO 18672 --- [nio-8080-exec-1] o.s.web.servlet.DispatcherServlet        : Initializing Servlet 'dispatcherServlet'
2026-04-27T12:29:09.007+02:00  INFO 18672 --- [nio-8080-exec-1] o.s.web.servlet.DispatcherServlet        : Completed initialization in 2 ms
