[INFO] Scanning for projects...
[INFO] 
[INFO] ---------------------< com.equitycommittee:voting >---------------------
[INFO] Building equity-committee-voting 0.0.1-SNAPSHOT
[INFO]   from pom.xml
[INFO] --------------------------------[ jar ]---------------------------------
[INFO] 
[INFO] >>> spring-boot:3.2.4:run (default-cli) > test-compile @ voting >>>
[INFO] 
[INFO] --- resources:3.3.1:resources (default-resources) @ voting ---
[INFO] Copying 1 resource from src\main\resources to target\classes
[INFO] Copying 2 resources from src\main\resources to target\classes
[INFO] 
[INFO] --- compiler:3.11.0:compile (default-compile) @ voting ---
[INFO] Nothing to compile - all classes are up to date
[INFO] 
[INFO] --- resources:3.3.1:testResources (default-testResources) @ voting ---
[INFO] skip non existing resourceDirectory C:\projects\equity-committee-voting\backend\src\test\resources
[INFO] 
[INFO] --- compiler:3.11.0:testCompile (default-testCompile) @ voting ---
[INFO] No sources to compile
[INFO] 
[INFO] <<< spring-boot:3.2.4:run (default-cli) < test-compile @ voting <<<
[INFO] 
[INFO] 
[INFO] --- spring-boot:3.2.4:run (default-cli) @ voting ---
[INFO] Attaching agents: []
Standard Commons Logging discovery in action with spring-jcl: please remove commons-logging.jar from classpath in order to avoid potential conflicts

  .   ____          _            __ _ _
 /\\ / ___'_ __ _ _(_)_ __  __ _ \ \ \ \
( ( )\___ | '_ | '_| | '_ \/ _` | \ \ \ \
 \\/  ___)| |_)| | | | | || (_| |  ) ) ) )
  '  |____| .__|_| |_|_| |_\__, | / / / /
 =========|_|==============|___/=/_/_/_/
 :: Spring Boot ::                (v3.2.4)

2026-04-23T16:10:45.618+02:00  INFO 11100 --- [           main] c.e.voting.VotingApplication             : Starting VotingApplication using Java 21.0.6 with PID 11100 (C:\projects\equity-committee-voting\backend\target\classes started by kaiza in C:\projects\equity-committee-voting\backend)
2026-04-23T16:10:45.621+02:00 DEBUG 11100 --- [           main] c.e.voting.VotingApplication             : Running with Spring Boot v3.2.4, Spring v6.1.5
2026-04-23T16:10:45.621+02:00  INFO 11100 --- [           main] c.e.voting.VotingApplication             : No active profile set, falling back to 1 default profile: "default"
2026-04-23T16:10:46.660+02:00  INFO 11100 --- [           main] .s.d.r.c.RepositoryConfigurationDelegate : Bootstrapping Spring Data JPA repositories in DEFAULT mode.
2026-04-23T16:10:46.759+02:00  INFO 11100 --- [           main] .s.d.r.c.RepositoryConfigurationDelegate : Finished Spring Data repository scanning in 88 ms. Found 7 JPA repository interfaces.
2026-04-23T16:10:47.850+02:00  INFO 11100 --- [           main] o.s.b.w.embedded.tomcat.TomcatWebServer  : Tomcat initialized with port 8080 (http)
2026-04-23T16:10:47.875+02:00  INFO 11100 --- [           main] o.apache.catalina.core.StandardService   : Starting service [Tomcat]
2026-04-23T16:10:47.877+02:00  INFO 11100 --- [           main] o.apache.catalina.core.StandardEngine    : Starting Servlet engine: [Apache Tomcat/10.1.19]
2026-04-23T16:10:48.014+02:00  INFO 11100 --- [           main] o.a.c.c.C.[Tomcat].[localhost].[/]       : Initializing Spring embedded WebApplicationContext
2026-04-23T16:10:48.016+02:00  INFO 11100 --- [           main] w.s.c.ServletWebServerApplicationContext : Root WebApplicationContext: initialization completed in 2331 ms
Standard Commons Logging discovery in action with spring-jcl: please remove commons-logging.jar from classpath in order to avoid potential conflicts
2026-04-23T16:10:48.180+02:00  INFO 11100 --- [           main] com.zaxxer.hikari.HikariDataSource       : HikariPool-1 - Starting...
2026-04-23T16:10:48.555+02:00  INFO 11100 --- [           main] com.zaxxer.hikari.pool.HikariPool        : HikariPool-1 - Added connection org.postgresql.jdbc.PgConnection@be164d8
2026-04-23T16:10:48.558+02:00  INFO 11100 --- [           main] com.zaxxer.hikari.HikariDataSource       : HikariPool-1 - Start completed.
2026-04-23T16:10:48.695+02:00  INFO 11100 --- [           main] o.f.c.internal.license.VersionPrinter    : Flyway Community Edition 9.22.3 by Redgate
2026-04-23T16:10:48.697+02:00  INFO 11100 --- [           main] o.f.c.internal.license.VersionPrinter    : See release notes here: https://rd.gt/416ObMi
2026-04-23T16:10:48.698+02:00  INFO 11100 --- [           main] o.f.c.internal.license.VersionPrinter    : 
2026-04-23T16:10:48.723+02:00  INFO 11100 --- [           main] org.flywaydb.core.FlywayExecutor         : Database: jdbc:postgresql://localhost:5432/postgres (PostgreSQL 17.4)
2026-04-23T16:10:48.735+02:00  WARN 11100 --- [           main] o.f.c.internal.database.base.Database    : Flyway upgrade recommended: PostgreSQL 17.4 is newer than this version of Flyway and support has not been tested. The latest supported version of PostgreSQL is 15.
2026-04-23T16:10:48.800+02:00  INFO 11100 --- [           main] o.f.core.internal.command.DbValidate     : Successfully validated 2 migrations (execution time 00:00.047s)
2026-04-23T16:10:48.820+02:00  INFO 11100 --- [           main] o.f.core.internal.command.DbMigrate      : Current version of schema "public": 2
2026-04-23T16:10:48.824+02:00  INFO 11100 --- [           main] o.f.core.internal.command.DbMigrate      : Schema "public" is up to date. No migration necessary.
2026-04-23T16:10:48.982+02:00  INFO 11100 --- [           main] o.hibernate.jpa.internal.util.LogHelper  : HHH000204: Processing PersistenceUnitInfo [name: default]
2026-04-23T16:10:49.152+02:00  INFO 11100 --- [           main] org.hibernate.Version                    : HHH000412: Hibernate ORM core version 6.4.4.Final
2026-04-23T16:10:49.226+02:00  INFO 11100 --- [           main] o.h.c.internal.RegionFactoryInitiator    : HHH000026: Second-level cache disabled
2026-04-23T16:10:49.668+02:00  INFO 11100 --- [           main] o.s.o.j.p.SpringPersistenceUnitInfo      : No LoadTimeWeaver setup: ignoring JPA class transformer
2026-04-23T16:10:49.764+02:00  WARN 11100 --- [           main] org.hibernate.orm.deprecation            : HHH90000025: PostgreSQLDialect does not need to be specified explicitly using 'hibernate.dialect' (remove the property setting and it will be selected by default)
2026-04-23T16:10:51.378+02:00  INFO 11100 --- [           main] o.h.e.t.j.p.i.JtaPlatformInitiator       : HHH000489: No JTA platform available (set 'hibernate.transaction.jta.platform' to enable JTA platform integration)
2026-04-23T16:10:51.490+02:00  INFO 11100 --- [           main] j.LocalContainerEntityManagerFactoryBean : Initialized JPA EntityManagerFactory for persistence unit 'default'
2026-04-23T16:10:51.973+02:00 DEBUG 11100 --- [           main] c.e.voting.security.JwtAuthFilter        : Filter 'jwtAuthFilter' configured for use
2026-04-23T16:10:52.217+02:00  INFO 11100 --- [           main] o.s.d.j.r.query.QueryEnhancerFactory     : Hibernate is in classpath; If applicable, HQL parser will be used.
2026-04-23T16:10:54.323+02:00  WARN 11100 --- [           main] JpaBaseConfiguration$JpaWebConfiguration : spring.jpa.open-in-view is enabled by default. Therefore, database queries may be performed during view rendering. Explicitly configure spring.jpa.open-in-view to disable this warning
2026-04-23T16:10:54.801+02:00  INFO 11100 --- [           main] o.s.s.web.DefaultSecurityFilterChain     : Will secure any request with [org.springframework.security.web.session.DisableEncodeUrlFilter@1b3606e8, org.springframework.security.web.context.request.async.WebAsyncManagerIntegrationFilter@2395c168, org.springframework.security.web.context.SecurityContextHolderFilter@348523f2, org.springframework.security.web.header.HeaderWriterFilter@5d9576a0, org.springframework.web.filter.CorsFilter@28322fd3, org.springframework.security.web.authentication.logout.LogoutFilter@70fe15d, com.equitycommittee.voting.security.JwtAuthFilter@445f6aa7, org.springframework.security.web.savedrequest.RequestCacheAwareFilter@5afb0a4f, org.springframework.security.web.servletapi.SecurityContextHolderAwareRequestFilter@1c8bf01d, org.springframework.security.web.authentication.AnonymousAuthenticationFilter@7e47a922, org.springframework.security.web.session.SessionManagementFilter@da51aa8, org.springframework.security.web.access.ExceptionTranslationFilter@5074893, org.springframework.security.web.access.intercept.AuthorizationFilter@8a607a9]
2026-04-23T16:10:55.308+02:00  WARN 11100 --- [           main] ConfigServletWebServerApplicationContext : Exception encountered during context initialization - cancelling refresh attempt: org.springframework.context.ApplicationContextException: Failed to start bean 'webServerStartStop'
2026-04-23T16:10:55.316+02:00  INFO 11100 --- [           main] j.LocalContainerEntityManagerFactoryBean : Closing JPA EntityManagerFactory for persistence unit 'default'
2026-04-23T16:10:55.319+02:00  INFO 11100 --- [           main] com.zaxxer.hikari.HikariDataSource       : HikariPool-1 - Shutdown initiated...
2026-04-23T16:10:55.323+02:00  INFO 11100 --- [           main] com.zaxxer.hikari.HikariDataSource       : HikariPool-1 - Shutdown completed.
2026-04-23T16:10:55.345+02:00  INFO 11100 --- [           main] .s.b.a.l.ConditionEvaluationReportLogger : 

Error starting ApplicationContext. To display the condition evaluation report re-run your application with 'debug' enabled.
2026-04-23T16:10:55.376+02:00 ERROR 11100 --- [           main] o.s.b.d.LoggingFailureAnalysisReporter   : 

***************************
APPLICATION FAILED TO START
***************************

Description:

Web server failed to start. Port 8080 was already in use.

Action:

Identify and stop the process that's listening on port 8080 or configure this application to listen on another port.

[INFO] ------------------------------------------------------------------------
[INFO] BUILD FAILURE
[INFO] ------------------------------------------------------------------------
[INFO] Total time:  15.008 s
[INFO] Finished at: 2026-04-23T16:10:55+02:00
[INFO] ------------------------------------------------------------------------
[ERROR] Failed to execute goal org.springframework.boot:spring-boot-maven-plugin:3.2.4:run (default-cli) on project voting: Process terminated with exit code: 1 -> [Help 1]
[ERROR] 
[ERROR] To see the full stack trace of the errors, re-run Maven with the -e switch.
[ERROR] Re-run Maven using the -X switch to enable full debug logging.
[ERROR] 
[ERROR] For more information about the errors and possible solutions, please read the following articles:
[ERROR] [Help 1] http://cwiki.apache.org/confluence/display/MAVEN/MojoExecutionException
