[INFO] Scanning for projects...
[INFO] 
[INFO] ---------------------< com.equitycommittee:voting >---------------------
[INFO] Building equity-committee-voting 0.0.1-SNAPSHOT
[INFO]   from pom.xml
[INFO] --------------------------------[ jar ]---------------------------------
[INFO] 
[INFO] >>> spring-boot:3.2.4:run (default-cli) > test-compile @ voting >>>
[INFO] 
[INFO] --- resources:3.3.1:resources (default-resources) @ voting ---
[INFO] Copying 2 resources from src\main\resources to target\classes
[INFO] Copying 2 resources from src\main\resources to target\classes
[INFO] 
[INFO] --- compiler:3.11.0:compile (default-compile) @ voting ---
[INFO] Nothing to compile - all classes are up to date
[INFO] 
[INFO] --- resources:3.3.1:testResources (default-testResources) @ voting ---
[INFO] skip non existing resourceDirectory C:\projects\equity-committee-voting\backend\src\test\resources
[INFO] 
[INFO] --- compiler:3.11.0:testCompile (default-testCompile) @ voting ---
[INFO] No sources to compile
[INFO] 
[INFO] <<< spring-boot:3.2.4:run (default-cli) < test-compile @ voting <<<
[INFO] 
[INFO] 
[INFO] --- spring-boot:3.2.4:run (default-cli) @ voting ---
[INFO] Attaching agents: []
Standard Commons Logging discovery in action with spring-jcl: please remove commons-logging.jar from classpath in order to avoid potential conflicts

  .   ____          _            __ _ _
 /\\ / ___'_ __ _ _(_)_ __  __ _ \ \ \ \
( ( )\___ | '_ | '_| | '_ \/ _` | \ \ \ \
 \\/  ___)| |_)| | | | | || (_| |  ) ) ) )
  '  |____| .__|_| |_|_| |_\__, | / / / /
 =========|_|==============|___/=/_/_/_/
 :: Spring Boot ::                (v3.2.4)

2026-04-23T16:43:40.941+02:00  INFO 39628 --- [           main] c.e.voting.VotingApplication             : Starting VotingApplication using Java 21.0.6 with PID 39628 (C:\projects\equity-committee-voting\backend\target\classes started by kaiza in C:\projects\equity-committee-voting\backend)
2026-04-23T16:43:40.944+02:00 DEBUG 39628 --- [           main] c.e.voting.VotingApplication             : Running with Spring Boot v3.2.4, Spring v6.1.5
2026-04-23T16:43:40.945+02:00  INFO 39628 --- [           main] c.e.voting.VotingApplication             : No active profile set, falling back to 1 default profile: "local"
2026-04-23T16:43:41.944+02:00  INFO 39628 --- [           main] .s.d.r.c.RepositoryConfigurationDelegate : Bootstrapping Spring Data JPA repositories in DEFAULT mode.
2026-04-23T16:43:42.058+02:00  INFO 39628 --- [           main] .s.d.r.c.RepositoryConfigurationDelegate : Finished Spring Data repository scanning in 101 ms. Found 7 JPA repository interfaces.
2026-04-23T16:43:42.968+02:00  INFO 39628 --- [           main] o.s.b.w.embedded.tomcat.TomcatWebServer  : Tomcat initialized with port 8081 (http)
2026-04-23T16:43:42.987+02:00  INFO 39628 --- [           main] o.apache.catalina.core.StandardService   : Starting service [Tomcat]
2026-04-23T16:43:42.988+02:00  INFO 39628 --- [           main] o.apache.catalina.core.StandardEngine    : Starting Servlet engine: [Apache Tomcat/10.1.19]
2026-04-23T16:43:43.093+02:00  INFO 39628 --- [           main] o.a.c.c.C.[Tomcat].[localhost].[/]       : Initializing Spring embedded WebApplicationContext
2026-04-23T16:43:43.095+02:00  INFO 39628 --- [           main] w.s.c.ServletWebServerApplicationContext : Root WebApplicationContext: initialization completed in 2090 ms
Standard Commons Logging discovery in action with spring-jcl: please remove commons-logging.jar from classpath in order to avoid potential conflicts
2026-04-23T16:43:43.246+02:00  INFO 39628 --- [           main] com.zaxxer.hikari.HikariDataSource       : HikariPool-1 - Starting...
2026-04-23T16:43:43.576+02:00  INFO 39628 --- [           main] com.zaxxer.hikari.pool.HikariPool        : HikariPool-1 - Added connection org.postgresql.jdbc.PgConnection@4f081b5d
2026-04-23T16:43:43.579+02:00  INFO 39628 --- [           main] com.zaxxer.hikari.HikariDataSource       : HikariPool-1 - Start completed.
2026-04-23T16:43:43.680+02:00  INFO 39628 --- [           main] o.f.c.internal.license.VersionPrinter    : Flyway Community Edition 9.22.3 by Redgate
2026-04-23T16:43:43.681+02:00  INFO 39628 --- [           main] o.f.c.internal.license.VersionPrinter    : See release notes here: https://rd.gt/416ObMi
2026-04-23T16:43:43.681+02:00  INFO 39628 --- [           main] o.f.c.internal.license.VersionPrinter    : 
2026-04-23T16:43:43.705+02:00  INFO 39628 --- [           main] org.flywaydb.core.FlywayExecutor         : Database: jdbc:postgresql://localhost:5432/postgres (PostgreSQL 17.4)
2026-04-23T16:43:43.714+02:00  WARN 39628 --- [           main] o.f.c.internal.database.base.Database    : Flyway upgrade recommended: PostgreSQL 17.4 is newer than this version of Flyway and support has not been tested. The latest supported version of PostgreSQL is 15.
2026-04-23T16:43:43.772+02:00  INFO 39628 --- [           main] o.f.core.internal.command.DbValidate     : Successfully validated 2 migrations (execution time 00:00.042s)
2026-04-23T16:43:43.792+02:00  INFO 39628 --- [           main] o.f.core.internal.command.DbMigrate      : Current version of schema "public": 2
2026-04-23T16:43:43.796+02:00  INFO 39628 --- [           main] o.f.core.internal.command.DbMigrate      : Schema "public" is up to date. No migration necessary.
2026-04-23T16:43:43.914+02:00  INFO 39628 --- [           main] o.hibernate.jpa.internal.util.LogHelper  : HHH000204: Processing PersistenceUnitInfo [name: default]
2026-04-23T16:43:44.017+02:00  INFO 39628 --- [           main] org.hibernate.Version                    : HHH000412: Hibernate ORM core version 6.4.4.Final
2026-04-23T16:43:44.071+02:00  INFO 39628 --- [           main] o.h.c.internal.RegionFactoryInitiator    : HHH000026: Second-level cache disabled
2026-04-23T16:43:44.436+02:00  INFO 39628 --- [           main] o.s.o.j.p.SpringPersistenceUnitInfo      : No LoadTimeWeaver setup: ignoring JPA class transformer
2026-04-23T16:43:44.531+02:00  WARN 39628 --- [           main] org.hibernate.orm.deprecation            : HHH90000025: PostgreSQLDialect does not need to be specified explicitly using 'hibernate.dialect' (remove the property setting and it will be selected by default)
2026-04-23T16:43:46.073+02:00  INFO 39628 --- [           main] o.h.e.t.j.p.i.JtaPlatformInitiator       : HHH000489: No JTA platform available (set 'hibernate.transaction.jta.platform' to enable JTA platform integration)
2026-04-23T16:43:46.161+02:00  INFO 39628 --- [           main] j.LocalContainerEntityManagerFactoryBean : Initialized JPA EntityManagerFactory for persistence unit 'default'
2026-04-23T16:43:46.670+02:00 DEBUG 39628 --- [           main] c.e.voting.security.JwtAuthFilter        : Filter 'jwtAuthFilter' configured for use
2026-04-23T16:43:46.978+02:00  INFO 39628 --- [           main] o.s.d.j.r.query.QueryEnhancerFactory     : Hibernate is in classpath; If applicable, HQL parser will be used.
2026-04-23T16:43:48.953+02:00  WARN 39628 --- [           main] JpaBaseConfiguration$JpaWebConfiguration : spring.jpa.open-in-view is enabled by default. Therefore, database queries may be performed during view rendering. Explicitly configure spring.jpa.open-in-view to disable this warning
2026-04-23T16:43:49.347+02:00  INFO 39628 --- [           main] o.s.s.web.DefaultSecurityFilterChain     : Will secure any request with [org.springframework.security.web.session.DisableEncodeUrlFilter@b09df69, org.springframework.security.web.context.request.async.WebAsyncManagerIntegrationFilter@4d19ddeb, org.springframework.security.web.context.SecurityContextHolderFilter@2395c168, org.springframework.security.web.header.HeaderWriterFilter@222b4ab1, org.springframework.web.filter.CorsFilter@623dac3, org.springframework.security.web.authentication.logout.LogoutFilter@e73787, com.equitycommittee.voting.security.JwtAuthFilter@377cc0f8, org.springframework.security.web.savedrequest.RequestCacheAwareFilter@7e47a922, org.springframework.security.web.servletapi.SecurityContextHolderAwareRequestFilter@556df144, org.springframework.security.web.authentication.AnonymousAuthenticationFilter@625439ba, org.springframework.security.web.session.SessionManagementFilter@4ed8ae9f, org.springframework.security.web.access.ExceptionTranslationFilter@1a5e19fe, org.springframework.security.web.access.intercept.AuthorizationFilter@397ff526]
2026-04-23T16:43:49.786+02:00  INFO 39628 --- [           main] o.s.b.w.embedded.tomcat.TomcatWebServer  : Tomcat started on port 8081 (http) with context path ''
2026-04-23T16:43:49.789+02:00  INFO 39628 --- [           main] o.s.m.s.b.SimpleBrokerMessageHandler     : Starting...
2026-04-23T16:43:49.792+02:00  INFO 39628 --- [           main] o.s.m.s.b.SimpleBrokerMessageHandler     : BrokerAvailabilityEvent[available=true, SimpleBrokerMessageHandler [org.springframework.messaging.simp.broker.DefaultSubscriptionRegistry@5c65001c]]
2026-04-23T16:43:49.792+02:00  INFO 39628 --- [           main] o.s.m.s.b.SimpleBrokerMessageHandler     : Started.
2026-04-23T16:43:49.802+02:00  INFO 39628 --- [           main] c.e.voting.VotingApplication             : Started VotingApplication in 9.473 seconds (process running for 10.106)
[INFO] ------------------------------------------------------------------------
[INFO] BUILD FAILURE
[INFO] ------------------------------------------------------------------------
[INFO] Total time:  01:05 min
[INFO] Finished at: 2026-04-23T16:44:40+02:00
[INFO] ------------------------------------------------------------------------
[ERROR] Failed to execute goal org.springframework.boot:spring-boot-maven-plugin:3.2.4:run (default-cli) on project voting: Process terminated with exit code: -1 -> [Help 1]
[ERROR] 
[ERROR] To see the full stack trace of the errors, re-run Maven with the -e switch.
[ERROR] Re-run Maven using the -X switch to enable full debug logging.
[ERROR] 
[ERROR] For more information about the errors and possible solutions, please read the following articles:
[ERROR] [Help 1] http://cwiki.apache.org/confluence/display/MAVEN/MojoExecutionException
