[INFO] Scanning for projects...
[INFO] 
[INFO] ---------------------< com.equitycommittee:voting >---------------------
[INFO] Building equity-committee-voting 0.0.1-SNAPSHOT
[INFO]   from pom.xml
[INFO] --------------------------------[ jar ]---------------------------------
[INFO] 
[INFO] >>> spring-boot:4.0.5:run (default-cli) > test-compile @ voting >>>
[INFO] 
[INFO] --- resources:3.3.1:resources (default-resources) @ voting ---
[INFO] Copying 2 resources from src\main\resources to target\classes
[INFO] Copying 2 resources from src\main\resources to target\classes
[INFO] 
[INFO] --- compiler:3.14.1:compile (default-compile) @ voting ---
[INFO] Nothing to compile - all classes are up to date.
[INFO] 
[INFO] --- resources:3.3.1:testResources (default-testResources) @ voting ---
[INFO] skip non existing resourceDirectory C:\projects\equity-committee-voting\backend\src\test\resources
[INFO] 
[INFO] --- compiler:3.14.1:testCompile (default-testCompile) @ voting ---
[INFO] No sources to compile
[INFO] 
[INFO] <<< spring-boot:4.0.5:run (default-cli) < test-compile @ voting <<<
[INFO] 
[INFO] 
[INFO] --- spring-boot:4.0.5:run (default-cli) @ voting ---
[INFO] Attaching agents: []

  .   ____          _            __ _ _
 /\\ / ___'_ __ _ _(_)_ __  __ _ \ \ \ \
( ( )\___ | '_ | '_| | '_ \/ _` | \ \ \ \
 \\/  ___)| |_)| | | | | || (_| |  ) ) ) )
  '  |____| .__|_| |_|_| |_\__, | / / / /
 =========|_|==============|___/=/_/_/_/

 :: Spring Boot ::                (v4.0.5)

2026-04-27T13:26:42.524+02:00  INFO 29928 --- [           main] c.e.voting.VotingApplication             : Starting VotingApplication using Java 21.0.6 with PID 29928 (C:\projects\equity-committee-voting\backend\target\classes started by kaiza in C:\projects\equity-committee-voting\backend)
2026-04-27T13:26:42.528+02:00 DEBUG 29928 --- [           main] c.e.voting.VotingApplication             : Running with Spring Boot v4.0.5, Spring v7.0.6
2026-04-27T13:26:42.529+02:00  INFO 29928 --- [           main] c.e.voting.VotingApplication             : The following 1 profile is active: "local"
2026-04-27T13:26:43.631+02:00  INFO 29928 --- [           main] .s.d.r.c.RepositoryConfigurationDelegate : Bootstrapping Spring Data JPA repositories in DEFAULT mode.
2026-04-27T13:26:43.743+02:00  INFO 29928 --- [           main] .s.d.r.c.RepositoryConfigurationDelegate : Finished Spring Data repository scanning in 98 ms. Found 8 JPA repository interfaces.
2026-04-27T13:26:44.658+02:00  INFO 29928 --- [           main] o.s.boot.tomcat.TomcatWebServer          : Tomcat initialized with port 8080 (http)
2026-04-27T13:26:44.679+02:00  INFO 29928 --- [           main] o.apache.catalina.core.StandardService   : Starting service [Tomcat]
2026-04-27T13:26:44.680+02:00  INFO 29928 --- [           main] o.apache.catalina.core.StandardEngine    : Starting Servlet engine: [Apache Tomcat/11.0.20]
2026-04-27T13:26:44.776+02:00  INFO 29928 --- [           main] b.w.c.s.WebApplicationContextInitializer : Root WebApplicationContext: initialization completed in 2175 ms
2026-04-27T13:26:45.022+02:00  INFO 29928 --- [           main] org.hibernate.orm.jpa                    : HHH008540: Processing PersistenceUnitInfo [name: default]
2026-04-27T13:26:45.120+02:00  INFO 29928 --- [           main] org.hibernate.orm.core                   : HHH000001: Hibernate ORM core version 7.2.7.Final
2026-04-27T13:26:45.902+02:00  INFO 29928 --- [           main] o.s.o.j.p.SpringPersistenceUnitInfo      : No LoadTimeWeaver setup: ignoring JPA class transformer
2026-04-27T13:26:45.958+02:00  INFO 29928 --- [           main] com.zaxxer.hikari.HikariDataSource       : HikariPool-1 - Starting...
2026-04-27T13:26:46.233+02:00  INFO 29928 --- [           main] com.zaxxer.hikari.pool.HikariPool        : HikariPool-1 - Added connection org.postgresql.jdbc.PgConnection@1e50eb3f
2026-04-27T13:26:46.235+02:00  INFO 29928 --- [           main] com.zaxxer.hikari.HikariDataSource       : HikariPool-1 - Start completed.
2026-04-27T13:26:46.296+02:00  WARN 29928 --- [           main] org.hibernate.orm.deprecation            : HHH90000025: PostgreSQLDialect does not need to be specified explicitly using 'hibernate.dialect' (remove the property setting and it will be selected by default)
2026-04-27T13:26:46.330+02:00  INFO 29928 --- [           main] org.hibernate.orm.connections.pooling    : HHH10001005: Database info:
	Database JDBC URL [jdbc:postgresql://localhost:5432/postgres]
	Database driver: PostgreSQL JDBC Driver
	Database dialect: PostgreSQLDialect
	Database version: 17.4
	Default catalog/schema: postgres/public
	Autocommit mode: undefined/unknown
	Isolation level: READ_COMMITTED [default READ_COMMITTED]
	JDBC fetch size: none
	Pool: DataSourceConnectionProvider
	Minimum pool size: undefined/unknown
	Maximum pool size: undefined/unknown
2026-04-27T13:26:48.296+02:00  INFO 29928 --- [           main] org.hibernate.orm.core                   : HHH000489: No JTA platform available (set 'hibernate.transaction.jta.platform' to enable JTA platform integration)
2026-04-27T13:26:48.406+02:00  INFO 29928 --- [           main] j.LocalContainerEntityManagerFactoryBean : Initialized JPA EntityManagerFactory for persistence unit 'default'
2026-04-27T13:26:48.513+02:00  INFO 29928 --- [           main] o.s.d.j.r.query.QueryEnhancerFactories   : Hibernate is in classpath; If applicable, HQL parser will be used.
2026-04-27T13:26:48.824+02:00 DEBUG 29928 --- [           main] c.e.voting.security.JwtAuthFilter        : Filter 'jwtAuthFilter' configured for use
2026-04-27T13:26:48.897+02:00  INFO 29928 --- [           main] eAuthenticationProviderManagerConfigurer : Global AuthenticationManager configured with AuthenticationProvider bean with name authenticationProvider
2026-04-27T13:26:48.898+02:00  WARN 29928 --- [           main] r$InitializeUserDetailsManagerConfigurer : Global AuthenticationManager configured with an AuthenticationProvider bean. UserDetailsService beans will not be used by Spring Security for automatically configuring username/password login. Consider removing the AuthenticationProvider bean. Alternatively, consider using the UserDetailsService in a manually instantiated DaoAuthenticationProvider. If the current configuration is intentional, to turn off this warning, increase the logging level of 'org.springframework.security.config.annotation.authentication.configuration.InitializeUserDetailsBeanManagerConfigurer' to ERROR
2026-04-27T13:26:51.162+02:00  WARN 29928 --- [           main] JpaBaseConfiguration$JpaWebConfiguration : spring.jpa.open-in-view is enabled by default. Therefore, database queries may be performed during view rendering. Explicitly configure spring.jpa.open-in-view to disable this warning
2026-04-27T13:26:52.059+02:00  INFO 29928 --- [           main] o.s.m.s.b.SimpleBrokerMessageHandler     : Starting...
2026-04-27T13:26:52.060+02:00  INFO 29928 --- [           main] o.s.m.s.b.SimpleBrokerMessageHandler     : BrokerAvailabilityEvent[available=true, SimpleBrokerMessageHandler [org.springframework.messaging.simp.broker.DefaultSubscriptionRegistry@2b56774b]]
2026-04-27T13:26:52.061+02:00  INFO 29928 --- [           main] o.s.m.s.b.SimpleBrokerMessageHandler     : Started.
2026-04-27T13:26:52.070+02:00  INFO 29928 --- [           main] o.s.m.s.b.SimpleBrokerMessageHandler     : Stopping...
2026-04-27T13:26:52.071+02:00  INFO 29928 --- [           main] o.s.m.s.b.SimpleBrokerMessageHandler     : BrokerAvailabilityEvent[available=false, SimpleBrokerMessageHandler [org.springframework.messaging.simp.broker.DefaultSubscriptionRegistry@2b56774b]]
2026-04-27T13:26:52.071+02:00  INFO 29928 --- [           main] o.s.m.s.b.SimpleBrokerMessageHandler     : Stopped.
2026-04-27T13:26:52.072+02:00  WARN 29928 --- [           main] ConfigServletWebServerApplicationContext : Exception encountered during context initialization - cancelling refresh attempt: org.springframework.context.ApplicationContextException: Failed to start bean 'webServerStartStop'
2026-04-27T13:26:52.078+02:00  INFO 29928 --- [           main] j.LocalContainerEntityManagerFactoryBean : Closing JPA EntityManagerFactory for persistence unit 'default'
2026-04-27T13:26:52.081+02:00  INFO 29928 --- [           main] com.zaxxer.hikari.HikariDataSource       : HikariPool-1 - Shutdown initiated...
2026-04-27T13:26:52.086+02:00  INFO 29928 --- [           main] com.zaxxer.hikari.HikariDataSource       : HikariPool-1 - Shutdown completed.
2026-04-27T13:26:52.104+02:00  INFO 29928 --- [           main] .s.b.a.l.ConditionEvaluationReportLogger : 

Error starting ApplicationContext. To display the condition evaluation report re-run your application with 'debug' enabled.
2026-04-27T13:26:52.123+02:00 ERROR 29928 --- [           main] o.s.b.d.LoggingFailureAnalysisReporter   : 

***************************
APPLICATION FAILED TO START
***************************

Description:

Web server failed to start. Port 8080 was already in use.

Action:

Identify and stop the process that's listening on port 8080 or configure this application to listen on another port.

[INFO] ------------------------------------------------------------------------
[INFO] BUILD FAILURE
[INFO] ------------------------------------------------------------------------
[INFO] Total time:  15.011 s
[INFO] Finished at: 2026-04-27T13:26:52+02:00
[INFO] ------------------------------------------------------------------------
[ERROR] Failed to execute goal org.springframework.boot:spring-boot-maven-plugin:4.0.5:run (default-cli) on project voting: Process terminated with exit code: 1 -> [Help 1]
[ERROR] 
[ERROR] To see the full stack trace of the errors, re-run Maven with the -e switch.
[ERROR] Re-run Maven using the -X switch to enable full debug logging.
[ERROR] 
[ERROR] For more information about the errors and possible solutions, please read the following articles:
[ERROR] [Help 1] http://cwiki.apache.org/confluence/display/MAVEN/MojoExecutionException
